0 info it worked if it ends with ok
1 verbose cli [ '/usr/local/bin/node',
1 verbose cli   '/usr/local/bin/npm',
1 verbose cli   'install',
1 verbose cli   '-g',
1 verbose cli   'ios-deploy' ]
2 info using npm@2.14.12
3 info using node@v4.3.1
4 verbose install initial load of /usr/local/lib/package.json
5 verbose readDependencies loading dependencies from /usr/local/lib/package.json
6 silly cache add args [ 'ios-deploy', null ]
7 verbose cache add spec ios-deploy
8 silly cache add parsed spec Result {
8 silly cache add   raw: 'ios-deploy',
8 silly cache add   scope: null,
8 silly cache add   name: 'ios-deploy',
8 silly cache add   rawSpec: '',
8 silly cache add   spec: 'latest',
8 silly cache add   type: 'tag' }
9 silly addNamed ios-deploy@latest
10 verbose addNamed "latest" is being treated as a dist-tag for ios-deploy
11 info addNameTag [ 'ios-deploy', 'latest' ]
12 silly mapToRegistry name ios-deploy
13 silly mapToRegistry using default registry
14 silly mapToRegistry registry https://registry.npmjs.org/
15 silly mapToRegistry uri https://registry.npmjs.org/ios-deploy
16 verbose addNameTag registry:https://registry.npmjs.org/ios-deploy not in flight; fetching
17 verbose request uri https://registry.npmjs.org/ios-deploy
18 verbose request no auth needed
19 info attempt registry request try #1 at 6:28:42 PM
20 verbose request id 7966d6b3aba210b4
21 verbose etag "5ALDUQ1GLDBEYMDJK8RUMV18V"
22 http request GET https://registry.npmjs.org/ios-deploy
23 http 304 https://registry.npmjs.org/ios-deploy
24 verbose headers { date: 'Wed, 04 May 2016 16:28:42 GMT',
24 verbose headers   via: '1.1 varnish',
24 verbose headers   'cache-control': 'max-age=300',
24 verbose headers   etag: '"5ALDUQ1GLDBEYMDJK8RUMV18V"',
24 verbose headers   age: '293',
24 verbose headers   connection: 'keep-alive',
24 verbose headers   'x-served-by': 'cache-lcy1131-LCY',
24 verbose headers   'x-cache': 'HIT',
24 verbose headers   'x-cache-hits': '1',
24 verbose headers   'x-timer': 'S1462379322.853262,VS0,VE0',
24 verbose headers   vary: 'Accept-Encoding' }
25 silly get cb [ 304,
25 silly get   { date: 'Wed, 04 May 2016 16:28:42 GMT',
25 silly get     via: '1.1 varnish',
25 silly get     'cache-control': 'max-age=300',
25 silly get     etag: '"5ALDUQ1GLDBEYMDJK8RUMV18V"',
25 silly get     age: '293',
25 silly get     connection: 'keep-alive',
25 silly get     'x-served-by': 'cache-lcy1131-LCY',
25 silly get     'x-cache': 'HIT',
25 silly get     'x-cache-hits': '1',
25 silly get     'x-timer': 'S1462379322.853262,VS0,VE0',
25 silly get     vary: 'Accept-Encoding' } ]
26 verbose etag https://registry.npmjs.org/ios-deploy from cache
27 verbose get saving ios-deploy to /Users/markdunleavy/.npm/registry.npmjs.org/ios-deploy/.cache.json
28 silly addNameTag next cb for ios-deploy with tag latest
29 silly addNamed ios-deploy@1.8.6
30 verbose addNamed "1.8.6" is a plain semver version for ios-deploy
31 silly cache afterAdd ios-deploy@1.8.6
32 verbose afterAdd /Users/markdunleavy/.npm/ios-deploy/1.8.6/package/package.json not in flight; writing
33 verbose afterAdd /Users/markdunleavy/.npm/ios-deploy/1.8.6/package/package.json written
34 silly install resolved [ { name: 'ios-deploy',
34 silly install resolved     version: '1.8.6',
34 silly install resolved     os: [ 'darwin' ],
34 silly install resolved     description: 'launch iOS apps iOS devices from the command line (Xcode 7)',
34 silly install resolved     main: 'ios-deploy',
34 silly install resolved     scripts:
34 silly install resolved      { preinstall: './src/scripts/check_reqs.js && xcodebuild',
34 silly install resolved        test: 'npm run pycompile && npm run jshint && xcodebuild -target ios-deploy-lib && xcodebuild test -scheme ios-deploy-tests',
34 silly install resolved        jshint: 'node node_modules/jshint/bin/jshint src/scripts/*.js',
34 silly install resolved        pycompile: 'python -m py_compile src/scripts/*.py' },
34 silly install resolved     bin: { 'ios-deploy': './build/Release/ios-deploy' },
34 silly install resolved     repository:
34 silly install resolved      { type: 'git',
34 silly install resolved        url: 'git+https://github.com/phonegap/ios-deploy.git' },
34 silly install resolved     devDependencies: { jshint: '2.5.8' },
34 silly install resolved     keywords: [ 'ios-deploy', 'deploy to iOS device' ],
34 silly install resolved     bugs: { url: 'https://github.com/phonegap/ios-deploy/issues' },
34 silly install resolved     author: { name: 'Greg Hughes' },
34 silly install resolved     license: 'GPLv3',
34 silly install resolved     gitHead: 'd7cccae1ade60378ce1134f496b68eeac53eb860',
34 silly install resolved     homepage: 'https://github.com/phonegap/ios-deploy#readme',
34 silly install resolved     _id: 'ios-deploy@1.8.6',
34 silly install resolved     _shasum: 'abb0b5132e7e6c89d1f521ba7c81c44eec54d4f5',
34 silly install resolved     _from: 'ios-deploy@latest',
34 silly install resolved     _npmVersion: '2.14.7',
34 silly install resolved     _nodeVersion: '4.2.2',
34 silly install resolved     _npmUser: { name: 'shazron', email: 'shazron@gmail.com' },
34 silly install resolved     maintainers: [ [Object], [Object], [Object] ],
34 silly install resolved     dist:
34 silly install resolved      { shasum: 'abb0b5132e7e6c89d1f521ba7c81c44eec54d4f5',
34 silly install resolved        tarball: 'https://registry.npmjs.org/ios-deploy/-/ios-deploy-1.8.6.tgz' },
34 silly install resolved     _npmOperationalInternal:
34 silly install resolved      { host: 'packages-16-east.internal.npmjs.com',
34 silly install resolved        tmp: 'tmp/ios-deploy-1.8.6.tgz_1460409336359_0.34613347332924604' },
34 silly install resolved     directories: {},
34 silly install resolved     _resolved: 'https://registry.npmjs.org/ios-deploy/-/ios-deploy-1.8.6.tgz',
34 silly install resolved     readme: 'ERROR: No README data found!' } ]
35 info install ios-deploy@1.8.6 into /usr/local/lib
36 info installOne ios-deploy@1.8.6
37 verbose installOne of ios-deploy to /usr/local/lib not in flight; installing
38 verbose lock using /Users/markdunleavy/.npm/_locks/ios-deploy-198957223cd98201.lock for /usr/local/lib/node_modules/ios-deploy
39 silly install write writing ios-deploy 1.8.6 to /usr/local/lib/node_modules/ios-deploy
40 verbose unbuild lib/node_modules/ios-deploy
41 silly gentlyRm /usr/local/lib/node_modules/ios-deploy is being purged from base /usr/local
42 verbose gentlyRm don't care about contents; nuking /usr/local/lib/node_modules/ios-deploy
43 verbose tar unpack /Users/markdunleavy/.npm/ios-deploy/1.8.6/package.tgz
44 verbose tar unpacking to /usr/local/lib/node_modules/ios-deploy
45 silly gentlyRm /usr/local/lib/node_modules/ios-deploy is being purged
46 verbose gentlyRm don't care about contents; nuking /usr/local/lib/node_modules/ios-deploy
47 silly gunzTarPerm modes [ '755', '644' ]
48 silly gunzTarPerm extractEntry package.json
49 silly gunzTarPerm extractEntry .npmignore
50 silly gunzTarPerm extractEntry README.md
51 silly gunzTarPerm extractEntry LICENSE
52 silly gunzTarPerm extractEntry CONTRIBUTING.md
53 silly gunzTarPerm extractEntry demo/.npmignore
54 silly gunzTarPerm extractEntry demo/Entitlements.plist
55 silly gunzTarPerm extractEntry demo/Info.plist
56 silly gunzTarPerm extractEntry demo/Makefile
57 silly gunzTarPerm extractEntry demo/ResourceRules.plist
58 silly gunzTarPerm extractEntry demo/demo.c
59 silly gunzTarPerm extractEntry ios-deploy.xcodeproj/project.pbxproj
60 silly gunzTarPerm extractEntry ios-deploy.xcodeproj/project.xcworkspace/xcuserdata/shaz.xcuserdatad/UserInterfaceState.xcuserstate
61 silly gunzTarPerm extractEntry ios-deploy.xcodeproj/xcshareddata/xcschemes/ios-deploy-tests.xcscheme
62 silly gunzTarPerm extractEntry ios-deploy.xcodeproj/xcuserdata/shaz.xcuserdatad/xcschemes/ios-deploy-lib.xcscheme
63 silly gunzTarPerm extractEntry ios-deploy.xcodeproj/xcuserdata/shaz.xcuserdatad/xcschemes/ios-deploy.xcscheme
64 silly gunzTarPerm extractEntry ios-deploy.xcodeproj/xcuserdata/shaz.xcuserdatad/xcschemes/xcschememanagement.plist
65 silly gunzTarPerm extractEntry src/ios-deploy/MobileDevice.h
66 silly gunzTarPerm extractEntry src/ios-deploy/errors.h
67 silly gunzTarPerm extractEntry src/ios-deploy/ios-deploy.m
68 silly gunzTarPerm extractEntry src/ios-deploy/version.h
69 silly gunzTarPerm extractEntry src/ios-deploy-lib/libios_deploy.h
70 silly gunzTarPerm extractEntry src/ios-deploy-lib/libios_deploy.m
71 silly gunzTarPerm extractEntry src/ios-deploy-tests/Info.plist
72 silly gunzTarPerm extractEntry src/ios-deploy-tests/ios_deploy_tests.m
73 silly gunzTarPerm extractEntry src/scripts/check_reqs.js
74 silly gunzTarPerm extractEntry src/scripts/lldb.py
75 verbose write writing to /usr/local/lib/node_modules/ios-deploy/package.json
76 info preinstall ios-deploy@1.8.6
77 verbose unsafe-perm in lifecycle false
78 info ios-deploy@1.8.6 Failed to exec preinstall script
79 verbose unlock done using /Users/markdunleavy/.npm/_locks/ios-deploy-198957223cd98201.lock for /usr/local/lib/node_modules/ios-deploy
80 verbose stack Error: ios-deploy@1.8.6 preinstall: `./src/scripts/check_reqs.js && xcodebuild`
80 verbose stack Exit status 1
80 verbose stack     at EventEmitter.<anonymous> (/usr/local/lib/node_modules/npm/lib/utils/lifecycle.js:214:16)
80 verbose stack     at emitTwo (events.js:87:13)
80 verbose stack     at EventEmitter.emit (events.js:172:7)
80 verbose stack     at ChildProcess.<anonymous> (/usr/local/lib/node_modules/npm/lib/utils/spawn.js:24:14)
80 verbose stack     at emitTwo (events.js:87:13)
80 verbose stack     at ChildProcess.emit (events.js:172:7)
80 verbose stack     at maybeClose (internal/child_process.js:821:16)
80 verbose stack     at Process.ChildProcess._handle.onexit (internal/child_process.js:211:5)
81 verbose pkgid ios-deploy@1.8.6
82 verbose cwd /Users/markdunleavy/Dropbox/Development/ionic/todoapp
83 error Darwin 14.5.0
84 error argv "/usr/local/bin/node" "/usr/local/bin/npm" "install" "-g" "ios-deploy"
85 error node v4.3.1
86 error npm  v2.14.12
87 error code ELIFECYCLE
88 error ios-deploy@1.8.6 preinstall: `./src/scripts/check_reqs.js && xcodebuild`
88 error Exit status 1
89 error Failed at the ios-deploy@1.8.6 preinstall script './src/scripts/check_reqs.js && xcodebuild'.
89 error This is most likely a problem with the ios-deploy package,
89 error not with npm itself.
89 error Tell the author that this fails on your system:
89 error     ./src/scripts/check_reqs.js && xcodebuild
89 error You can get their info via:
89 error     npm owner ls ios-deploy
89 error There is likely additional logging output above.
90 verbose exit [ 1, true ]
91 verbose unbuild lib/node_modules/ios-deploy
92 info preuninstall ios-deploy@1.8.6
93 info uninstall ios-deploy@1.8.6
94 verbose unbuild rmStuff ios-deploy@1.8.6 from /usr/local/lib/node_modules
95 silly gentlyRm /usr/local/bin/ios-deploy is being gently removed
96 silly gentlyRm verifying /usr/local is an npm working directory
97 silly gentlyRm containing path /usr/local is under npm's control, in /usr/local
98 silly gentlyRm deletion target /usr/local/bin/ios-deploy is under /usr/local
99 verbose gentlyRm vacuuming from /usr/local/bin/ios-deploy up to /usr/local
100 info postuninstall ios-deploy@1.8.6
101 silly gentlyRm /usr/local/lib/node_modules/ios-deploy is being purged from base /usr/local
102 verbose gentlyRm don't care about contents; nuking /usr/local/lib/node_modules/ios-deploy
103 silly vacuum-fs purging /usr/local/lib/node_modules/ios-deploy
104 silly vacuum-fs quitting because other entries in /usr/local/lib/node_modules
